0 info it worked if it ends with ok
1 verbose cli [ 'D:\\node\\node.exe',
1 verbose cli   'D:\\node\\node_modules\\npm\\bin\\npm-cli.js',
1 verbose cli   'run',
1 verbose cli   'dev' ]
2 info using npm@3.10.10
3 info using node@v6.10.2
4 verbose run-script [ 'predev', 'dev', 'postdev' ]
5 info lifecycle vue-loader@1.0.0~predev: vue-loader@1.0.0
6 silly lifecycle vue-loader@1.0.0~predev: no script for predev, continuing
7 info lifecycle vue-loader@1.0.0~dev: vue-loader@1.0.0
8 verbose lifecycle vue-loader@1.0.0~dev: unsafe-perm in lifecycle true
9 verbose lifecycle vue-loader@1.0.0~dev: PATH: D:\node\node_modules\npm\bin\node-gyp-bin;C:\Users\guojie\Documents\GitHub\vue-loader\node_modules\.bin;C:\Program Files (x86)\Intel\iCLS Client\;C:\Program Files\Intel\iCLS Client\;C:\windows\system32;C:\windows;C:\windows\System32\Wbem;C:\windows\System32\WindowsPowerShell\v1.0\;C:\Program Files (x86)\NVIDIA Corporation\PhysX\Common;C:\Program Files (x86)\Intel\Intel(R) Management Engine Components\DAL;C:\Program Files\Intel\Intel(R) Management Engine Components\DAL;C:\Program Files (x86)\Intel\Intel(R) Management Engine Components\IPT;C:\Program Files\Intel\Intel(R) Management Engine Components\IPT;D:\svn\bin;D:\node\;%SystemRoot%\system32;%SystemRoot%;%SystemRoot%\System32\Wbem;%SYSTEMROOT%\System32\WindowsPowerShell\v1.0\;C:\Users\guojie\AppData\Local\Microsoft\WindowsApps;C:\Users\guojie\AppData\Roaming\npm;C:\Users\guojie\AppData\Local\atom\bin;%USERPROFILE%\AppData\Local\Microsoft\WindowsApps
10 verbose lifecycle vue-loader@1.0.0~dev: CWD: C:\Users\guojie\Documents\GitHub\vue-loader
11 silly lifecycle vue-loader@1.0.0~dev: Args: [ '/d /s /c', 'webpack-dev-server --inline --hot --port 3030' ]
12 verbose stack Error: kill ENOSYS
12 verbose stack     at exports._errnoException (util.js:1018:11)
12 verbose stack     at process.kill (internal/process.js:190:13)
12 verbose stack     at process.listener (D:\node\node_modules\npm\node_modules\npmlog\node_modules\gauge\node_modules\signal-exit\index.js:86:15)
12 verbose stack     at emitNone (events.js:91:20)
12 verbose stack     at process.emit (events.js:185:7)
12 verbose stack     at processEmit (D:\node\node_modules\npm\node_modules\npmlog\node_modules\gauge\node_modules\signal-exit\index.js:146:32)
12 verbose stack     at processEmit (D:\node\node_modules\npm\node_modules\npm-registry-client\node_modules\npmlog\node_modules\gauge\node_modules\signal-exit\index.js:146:32)
12 verbose stack     at Signal.wrap.onsignal (internal/process.js:217:44)
13 verbose cwd C:\Users\guojie\Documents\GitHub\vue-loader
14 error Windows_NT 10.0.15063
15 error argv "D:\\node\\node.exe" "D:\\node\\node_modules\\npm\\bin\\npm-cli.js" "run" "dev"
16 error node v6.10.2
17 error npm  v3.10.10
18 error code ENOSYS
19 error errno ENOSYS
20 error syscall kill
21 error kill ENOSYS
22 error If you need help, you may report this error at:
22 error     <https://github.com/npm/npm/issues>
23 verbose exit [ 1, true ]
